<?xml version="1.0" encoding="UTF-8"?>
<robot generator="Robot 4.0.3 (Python 3.9.5 on win32)" generated="20210614 10:42:20.272" rpa="false" schemaversion="2">
<suite id="s1" name="Tests" source="C:\VSCode\rw5\tests">
<suite id="s1-s1" name="Busca" source="C:\VSCode\rw5\tests\busca.robot">
<test id="s1-s1-t1" name="Buscar um restaurante">
<kw name="Start Session" library="base" type="SETUP">
<kw name="New Browser" library="Browser">
<arg>${browser}</arg>
<arg>${headless}</arg>
<tag>BrowserControl</tag>
<tag>Setter</tag>
<doc>Create a new playwright Browser with specified options.
See `Browser, Context and Page` for more information about Browser and related concepts.</doc>
<msg timestamp="20210614 10:42:21.790" level="INFO">{"browser": "chromium", "headless": false, "handleSIGINT": true, "handleSIGTERM": true, "handleSIGHUP": true, "timeout": 30000.0, "devtools": false, "slowMo": 0.0}</msg>
<msg timestamp="20210614 10:42:22.551" level="INFO">Successfully created browser with options: {"browser":"chromium","headless":false,"handleSIGINT":true,"handleSIGTERM":true,"handleSIGHUP":true,"timeout":30000,"devtools":false,"slowMo":0}</msg>
<status status="PASS" starttime="20210614 10:42:21.790" endtime="20210614 10:42:22.551"/>
</kw>
<kw name="New Page" library="Browser">
<arg>http://parodifood.qaninja.academy/</arg>
<tag>BrowserControl</tag>
<tag>Setter</tag>
<doc>Open a new Page. A Page is the Playwright equivalent to a tab.
See `Browser, Context and Page` for more information about Page concept.
Returns a stable identifier for the created page.</doc>
<msg timestamp="20210614 10:42:25.634" level="INFO">Successfully initialized new page object and opened url: http://parodifood.qaninja.academy/</msg>
<msg timestamp="20210614 10:42:25.635" level="INFO">No context was open. New context was automatically opened when this page is created.</msg>
<status status="PASS" starttime="20210614 10:42:22.551" endtime="20210614 10:42:25.635"/>
</kw>
<kw name="Set Viewport Size" library="Browser">
<arg>1920</arg>
<arg>1080</arg>
<tag>BrowserControl</tag>
<tag>Setter</tag>
<doc>Sets current Pages viewport size to specified dimensions.</doc>
<msg timestamp="20210614 10:42:25.740" level="INFO">Set viewport size to: [object Object]</msg>
<status status="PASS" starttime="20210614 10:42:25.635" endtime="20210614 10:42:25.740"/>
</kw>
<kw name="Get Text" library="Browser">
<arg>css=span</arg>
<arg>contains</arg>
<arg>Nunca foi tão engraçado pedir comida</arg>
<tag>Assertion</tag>
<tag>Getter</tag>
<tag>PageContent</tag>
<doc>Returns text attribute of the element found by ``selector``.
See the `Finding elements` section for details about the selectors.</doc>
<status status="PASS" starttime="20210614 10:42:25.740" endtime="20210614 10:42:25.792"/>
</kw>
<status status="PASS" starttime="20210614 10:42:21.789" endtime="20210614 10:42:25.792"/>
</kw>
<kw name="Go To Restaurants" library="search">
<kw name="Click" library="Browser">
<arg>text=Estou com fome!</arg>
<tag>PageContent</tag>
<tag>Setter</tag>
<doc>Simulates mouse click on the element found by ``selector``.</doc>
<status status="PASS" starttime="20210614 10:42:25.794" endtime="20210614 10:42:25.896"/>
</kw>
<kw name="Get Text" library="Browser">
<arg>h1 strong</arg>
<arg>contains</arg>
<arg>Ta na hora de matar a fome!</arg>
<tag>Assertion</tag>
<tag>Getter</tag>
<tag>PageContent</tag>
<doc>Returns text attribute of the element found by ``selector``.
See the `Finding elements` section for details about the selectors.</doc>
<status status="PASS" starttime="20210614 10:42:25.896" endtime="20210614 10:42:25.920"/>
</kw>
<status status="PASS" starttime="20210614 10:42:25.792" endtime="20210614 10:42:25.920"/>
</kw>
<kw name="Search By" library="search">
<arg>Debuger</arg>
<kw name="Click" library="Browser">
<arg>css=.search-link</arg>
<tag>PageContent</tag>
<tag>Setter</tag>
<doc>Simulates mouse click on the element found by ``selector``.</doc>
<status status="PASS" starttime="20210614 10:42:25.921" endtime="20210614 10:42:25.974"/>
</kw>
<kw name="Fill Text" library="Browser">
<arg>css=input[formcontrolname= "searchControl"]</arg>
<arg>${value}</arg>
<tag>PageContent</tag>
<tag>Setter</tag>
<doc>Clears and fills the given ``text`` into the text field found by ``selector``.</doc>
<msg timestamp="20210614 10:42:25.974" level="INFO">Fills the text 'Debuger' in the given field.</msg>
<status status="PASS" starttime="20210614 10:42:25.974" endtime="20210614 10:42:25.995"/>
</kw>
<status status="PASS" starttime="20210614 10:42:25.921" endtime="20210614 10:42:25.996"/>
</kw>
<kw name="Should Be Visible" library="search">
<arg>DEBUGER KING</arg>
<kw name="Wait For Elements State" library="Browser">
<arg>${DIV_BOX}</arg>
<arg>visible</arg>
<arg>${DEFAULT_TIMEOUT}</arg>
<tag>PageContent</tag>
<tag>Wait</tag>
<doc>Waits for the element found by ``selector`` to satisfy state option.</doc>
<msg timestamp="20210614 10:42:27.069" level="INFO">Wait for Element with selector: css=div[class="place-info-box"][style="opacity: 1;"]</msg>
<status status="PASS" starttime="20210614 10:42:25.998" endtime="20210614 10:42:27.069"/>
</kw>
<kw name="Get Text" library="Browser">
<arg>${DIV_BOX}</arg>
<arg>contains</arg>
<arg>${name}</arg>
<tag>Assertion</tag>
<tag>Getter</tag>
<tag>PageContent</tag>
<doc>Returns text attribute of the element found by ``selector``.
See the `Finding elements` section for details about the selectors.</doc>
<status status="PASS" starttime="20210614 10:42:27.069" endtime="20210614 10:42:27.087"/>
</kw>
<status status="PASS" starttime="20210614 10:42:25.997" endtime="20210614 10:42:27.087"/>
</kw>
<kw name="Count" library="search">
<arg>1</arg>
<kw name="Wait For Elements State" library="Browser">
<arg>${DIV_BOX}</arg>
<arg>visible</arg>
<arg>${DEFAULT_TIMEOUT}</arg>
<tag>PageContent</tag>
<tag>Wait</tag>
<doc>Waits for the element found by ``selector`` to satisfy state option.</doc>
<msg timestamp="20210614 10:42:27.097" level="INFO">Wait for Element with selector: css=div[class="place-info-box"][style="opacity: 1;"]</msg>
<status status="PASS" starttime="20210614 10:42:27.088" endtime="20210614 10:42:27.097"/>
</kw>
<kw name="Get Element Count" library="Browser">
<arg>${DIV_BOX}</arg>
<arg>equal</arg>
<arg>${qtd}</arg>
<tag>Assertion</tag>
<tag>Getter</tag>
<tag>PageContent</tag>
<doc>Returns the count of elements found with ``selector``.</doc>
<status status="PASS" starttime="20210614 10:42:27.097" endtime="20210614 10:42:27.105"/>
</kw>
<status status="PASS" starttime="20210614 10:42:27.088" endtime="20210614 10:42:27.105"/>
</kw>
<kw name="Take Screenshot" library="Browser" type="TEARDOWN">
<tag>PageContent</tag>
<doc>Takes a screenshot of the current window and saves it.</doc>
<msg timestamp="20210614 10:42:27.287" level="INFO" html="true">&lt;/td&gt;&lt;/tr&gt;&lt;tr&gt;&lt;td colspan="3"&gt;&lt;a href="browser/screenshot/robotframework-browser-screenshot-1.png"&gt;&lt;img src="browser/screenshot/robotframework-browser-screenshot-1.png" width="800px"&gt;&lt;/a&gt;</msg>
<status status="PASS" starttime="20210614 10:42:27.106" endtime="20210614 10:42:27.287"/>
</kw>
<status status="PASS" starttime="20210614 10:42:21.787" endtime="20210614 10:42:27.288"/>
</test>
<test id="s1-s1-t2" name="Deve buscar por categoria">
<kw name="Start Session" library="base" type="SETUP">
<kw name="New Browser" library="Browser">
<arg>${browser}</arg>
<arg>${headless}</arg>
<tag>BrowserControl</tag>
<tag>Setter</tag>
<doc>Create a new playwright Browser with specified options.
See `Browser, Context and Page` for more information about Browser and related concepts.</doc>
<msg timestamp="20210614 10:42:27.360" level="INFO">{"browser": "chromium", "headless": false, "handleSIGINT": true, "handleSIGTERM": true, "handleSIGHUP": true, "timeout": 30000.0, "devtools": false, "slowMo": 0.0}</msg>
<msg timestamp="20210614 10:42:27.742" level="INFO">Successfully created browser with options: {"browser":"chromium","headless":false,"handleSIGINT":true,"handleSIGTERM":true,"handleSIGHUP":true,"timeout":30000,"devtools":false,"slowMo":0}</msg>
<status status="PASS" starttime="20210614 10:42:27.359" endtime="20210614 10:42:27.742"/>
</kw>
<kw name="New Page" library="Browser">
<arg>http://parodifood.qaninja.academy/</arg>
<tag>BrowserControl</tag>
<tag>Setter</tag>
<doc>Open a new Page. A Page is the Playwright equivalent to a tab.
See `Browser, Context and Page` for more information about Page concept.
Returns a stable identifier for the created page.</doc>
<msg timestamp="20210614 10:42:29.956" level="INFO">Successfully initialized new page object and opened url: http://parodifood.qaninja.academy/</msg>
<msg timestamp="20210614 10:42:29.956" level="INFO">No context was open. New context was automatically opened when this page is created.</msg>
<status status="PASS" starttime="20210614 10:42:27.743" endtime="20210614 10:42:29.956"/>
</kw>
<kw name="Set Viewport Size" library="Browser">
<arg>1920</arg>
<arg>1080</arg>
<tag>BrowserControl</tag>
<tag>Setter</tag>
<doc>Sets current Pages viewport size to specified dimensions.</doc>
<msg timestamp="20210614 10:42:29.972" level="INFO">Set viewport size to: [object Object]</msg>
<status status="PASS" starttime="20210614 10:42:29.956" endtime="20210614 10:42:29.972"/>
</kw>
<kw name="Get Text" library="Browser">
<arg>css=span</arg>
<arg>contains</arg>
<arg>Nunca foi tão engraçado pedir comida</arg>
<tag>Assertion</tag>
<tag>Getter</tag>
<tag>PageContent</tag>
<doc>Returns text attribute of the element found by ``selector``.
See the `Finding elements` section for details about the selectors.</doc>
<status status="PASS" starttime="20210614 10:42:29.972" endtime="20210614 10:42:30.121"/>
</kw>
<status status="PASS" starttime="20210614 10:42:27.359" endtime="20210614 10:42:30.121"/>
</kw>
<kw name="Go To Restaurants" library="search">
<kw name="Click" library="Browser">
<arg>text=Estou com fome!</arg>
<tag>PageContent</tag>
<tag>Setter</tag>
<doc>Simulates mouse click on the element found by ``selector``.</doc>
<status status="PASS" starttime="20210614 10:42:30.122" endtime="20210614 10:42:30.213"/>
</kw>
<kw name="Get Text" library="Browser">
<arg>h1 strong</arg>
<arg>contains</arg>
<arg>Ta na hora de matar a fome!</arg>
<tag>Assertion</tag>
<tag>Getter</tag>
<tag>PageContent</tag>
<doc>Returns text attribute of the element found by ``selector``.
See the `Finding elements` section for details about the selectors.</doc>
<status status="PASS" starttime="20210614 10:42:30.213" endtime="20210614 10:42:30.233"/>
</kw>
<status status="PASS" starttime="20210614 10:42:30.122" endtime="20210614 10:42:30.233"/>
</kw>
<kw name="Search By" library="search">
<arg>Cafe</arg>
<kw name="Click" library="Browser">
<arg>css=.search-link</arg>
<tag>PageContent</tag>
<tag>Setter</tag>
<doc>Simulates mouse click on the element found by ``selector``.</doc>
<status status="PASS" starttime="20210614 10:42:30.234" endtime="20210614 10:42:30.286"/>
</kw>
<kw name="Fill Text" library="Browser">
<arg>css=input[formcontrolname= "searchControl"]</arg>
<arg>${value}</arg>
<tag>PageContent</tag>
<tag>Setter</tag>
<doc>Clears and fills the given ``text`` into the text field found by ``selector``.</doc>
<msg timestamp="20210614 10:42:30.287" level="INFO">Fills the text 'Cafe' in the given field.</msg>
<status status="PASS" starttime="20210614 10:42:30.286" endtime="20210614 10:42:30.304"/>
</kw>
<status status="PASS" starttime="20210614 10:42:30.233" endtime="20210614 10:42:30.304"/>
</kw>
<kw name="Should Be Visible" library="search">
<arg>STARBUGS COFFEE</arg>
<kw name="Wait For Elements State" library="Browser">
<arg>${DIV_BOX}</arg>
<arg>visible</arg>
<arg>${DEFAULT_TIMEOUT}</arg>
<tag>PageContent</tag>
<tag>Wait</tag>
<doc>Waits for the element found by ``selector`` to satisfy state option.</doc>
<msg timestamp="20210614 10:42:31.285" level="INFO">Wait for Element with selector: css=div[class="place-info-box"][style="opacity: 1;"]</msg>
<status status="PASS" starttime="20210614 10:42:30.305" endtime="20210614 10:42:31.286"/>
</kw>
<kw name="Get Text" library="Browser">
<arg>${DIV_BOX}</arg>
<arg>contains</arg>
<arg>${name}</arg>
<tag>Assertion</tag>
<tag>Getter</tag>
<tag>PageContent</tag>
<doc>Returns text attribute of the element found by ``selector``.
See the `Finding elements` section for details about the selectors.</doc>
<status status="PASS" starttime="20210614 10:42:31.286" endtime="20210614 10:42:31.304"/>
</kw>
<status status="PASS" starttime="20210614 10:42:30.305" endtime="20210614 10:42:31.304"/>
</kw>
<kw name="Take Screenshot" library="Browser" type="TEARDOWN">
<tag>PageContent</tag>
<doc>Takes a screenshot of the current window and saves it.</doc>
<msg timestamp="20210614 10:42:31.514" level="INFO" html="true">&lt;/td&gt;&lt;/tr&gt;&lt;tr&gt;&lt;td colspan="3"&gt;&lt;a href="browser/screenshot/robotframework-browser-screenshot-2.png"&gt;&lt;img src="browser/screenshot/robotframework-browser-screenshot-2.png" width="800px"&gt;&lt;/a&gt;</msg>
<status status="PASS" starttime="20210614 10:42:31.305" endtime="20210614 10:42:31.514"/>
</kw>
<status status="PASS" starttime="20210614 10:42:27.356" endtime="20210614 10:42:31.515"/>
</test>
<test id="s1-s1-t3" name="Deve buscar todos os restaurantes">
<kw name="Start Session" library="base" type="SETUP">
<kw name="New Browser" library="Browser">
<arg>${browser}</arg>
<arg>${headless}</arg>
<tag>BrowserControl</tag>
<tag>Setter</tag>
<doc>Create a new playwright Browser with specified options.
See `Browser, Context and Page` for more information about Browser and related concepts.</doc>
<msg timestamp="20210614 10:42:31.574" level="INFO">{"browser": "chromium", "headless": false, "handleSIGINT": true, "handleSIGTERM": true, "handleSIGHUP": true, "timeout": 30000.0, "devtools": false, "slowMo": 0.0}</msg>
<msg timestamp="20210614 10:42:31.914" level="INFO">Successfully created browser with options: {"browser":"chromium","headless":false,"handleSIGINT":true,"handleSIGTERM":true,"handleSIGHUP":true,"timeout":30000,"devtools":false,"slowMo":0}</msg>
<status status="PASS" starttime="20210614 10:42:31.574" endtime="20210614 10:42:31.914"/>
</kw>
<kw name="New Page" library="Browser">
<arg>http://parodifood.qaninja.academy/</arg>
<tag>BrowserControl</tag>
<tag>Setter</tag>
<doc>Open a new Page. A Page is the Playwright equivalent to a tab.
See `Browser, Context and Page` for more information about Page concept.
Returns a stable identifier for the created page.</doc>
<msg timestamp="20210614 10:42:34.404" level="INFO">Successfully initialized new page object and opened url: http://parodifood.qaninja.academy/</msg>
<msg timestamp="20210614 10:42:34.404" level="INFO">No context was open. New context was automatically opened when this page is created.</msg>
<status status="PASS" starttime="20210614 10:42:31.915" endtime="20210614 10:42:34.404"/>
</kw>
<kw name="Set Viewport Size" library="Browser">
<arg>1920</arg>
<arg>1080</arg>
<tag>BrowserControl</tag>
<tag>Setter</tag>
<doc>Sets current Pages viewport size to specified dimensions.</doc>
<msg timestamp="20210614 10:42:34.522" level="INFO">Set viewport size to: [object Object]</msg>
<status status="PASS" starttime="20210614 10:42:34.404" endtime="20210614 10:42:34.522"/>
</kw>
<kw name="Get Text" library="Browser">
<arg>css=span</arg>
<arg>contains</arg>
<arg>Nunca foi tão engraçado pedir comida</arg>
<tag>Assertion</tag>
<tag>Getter</tag>
<tag>PageContent</tag>
<doc>Returns text attribute of the element found by ``selector``.
See the `Finding elements` section for details about the selectors.</doc>
<status status="PASS" starttime="20210614 10:42:34.522" endtime="20210614 10:42:34.572"/>
</kw>
<status status="PASS" starttime="20210614 10:42:31.573" endtime="20210614 10:42:34.572"/>
</kw>
<kw name="Go To Restaurants" library="search">
<kw name="Click" library="Browser">
<arg>text=Estou com fome!</arg>
<tag>PageContent</tag>
<tag>Setter</tag>
<doc>Simulates mouse click on the element found by ``selector``.</doc>
<status status="PASS" starttime="20210614 10:42:34.573" endtime="20210614 10:42:34.645"/>
</kw>
<kw name="Get Text" library="Browser">
<arg>h1 strong</arg>
<arg>contains</arg>
<arg>Ta na hora de matar a fome!</arg>
<tag>Assertion</tag>
<tag>Getter</tag>
<tag>PageContent</tag>
<doc>Returns text attribute of the element found by ``selector``.
See the `Finding elements` section for details about the selectors.</doc>
<status status="PASS" starttime="20210614 10:42:34.645" endtime="20210614 10:42:34.665"/>
</kw>
<status status="PASS" starttime="20210614 10:42:34.573" endtime="20210614 10:42:34.665"/>
</kw>
<kw name="Search By" library="search">
<arg>a</arg>
<kw name="Click" library="Browser">
<arg>css=.search-link</arg>
<tag>PageContent</tag>
<tag>Setter</tag>
<doc>Simulates mouse click on the element found by ``selector``.</doc>
<status status="PASS" starttime="20210614 10:42:34.666" endtime="20210614 10:42:34.716"/>
</kw>
<kw name="Fill Text" library="Browser">
<arg>css=input[formcontrolname= "searchControl"]</arg>
<arg>${value}</arg>
<tag>PageContent</tag>
<tag>Setter</tag>
<doc>Clears and fills the given ``text`` into the text field found by ``selector``.</doc>
<msg timestamp="20210614 10:42:34.716" level="INFO">Fills the text 'a' in the given field.</msg>
<status status="PASS" starttime="20210614 10:42:34.716" endtime="20210614 10:42:34.739"/>
</kw>
<status status="PASS" starttime="20210614 10:42:34.666" endtime="20210614 10:42:34.739"/>
</kw>
<kw name="Count" library="search">
<arg>5</arg>
<kw name="Wait For Elements State" library="Browser">
<arg>${DIV_BOX}</arg>
<arg>visible</arg>
<arg>${DEFAULT_TIMEOUT}</arg>
<tag>PageContent</tag>
<tag>Wait</tag>
<doc>Waits for the element found by ``selector`` to satisfy state option.</doc>
<msg timestamp="20210614 10:42:35.783" level="INFO">Wait for Element with selector: css=div[class="place-info-box"][style="opacity: 1;"]</msg>
<status status="PASS" starttime="20210614 10:42:34.740" endtime="20210614 10:42:35.783"/>
</kw>
<kw name="Get Element Count" library="Browser">
<arg>${DIV_BOX}</arg>
<arg>equal</arg>
<arg>${qtd}</arg>
<tag>Assertion</tag>
<tag>Getter</tag>
<tag>PageContent</tag>
<doc>Returns the count of elements found with ``selector``.</doc>
<status status="PASS" starttime="20210614 10:42:35.784" endtime="20210614 10:42:35.796"/>
</kw>
<status status="PASS" starttime="20210614 10:42:34.739" endtime="20210614 10:42:35.796"/>
</kw>
<kw name="Take Screenshot" library="Browser" type="TEARDOWN">
<tag>PageContent</tag>
<doc>Takes a screenshot of the current window and saves it.</doc>
<msg timestamp="20210614 10:42:35.996" level="INFO" html="true">&lt;/td&gt;&lt;/tr&gt;&lt;tr&gt;&lt;td colspan="3"&gt;&lt;a href="browser/screenshot/robotframework-browser-screenshot-3.png"&gt;&lt;img src="browser/screenshot/robotframework-browser-screenshot-3.png" width="800px"&gt;&lt;/a&gt;</msg>
<status status="PASS" starttime="20210614 10:42:35.797" endtime="20210614 10:42:35.996"/>
</kw>
<status status="PASS" starttime="20210614 10:42:31.571" endtime="20210614 10:42:35.997"/>
</test>
<status status="PASS" starttime="20210614 10:42:20.299" endtime="20210614 10:42:36.057"/>
</suite>
<suite id="s1-s2" name="Carrinho" source="C:\VSCode\rw5\tests\carrinho.robot">
<test id="s1-s2-t1" name="Deve adicionar um item ao carrinho">
<kw name="Start Session" library="base" type="SETUP">
<kw name="New Browser" library="Browser">
<arg>${browser}</arg>
<arg>${headless}</arg>
<tag>BrowserControl</tag>
<tag>Setter</tag>
<doc>Create a new playwright Browser with specified options.
See `Browser, Context and Page` for more information about Browser and related concepts.</doc>
<msg timestamp="20210614 10:42:36.074" level="INFO">{"browser": "chromium", "headless": false, "handleSIGINT": true, "handleSIGTERM": true, "handleSIGHUP": true, "timeout": 30000.0, "devtools": false, "slowMo": 0.0}</msg>
<msg timestamp="20210614 10:42:36.375" level="INFO">Successfully created browser with options: {"browser":"chromium","headless":false,"handleSIGINT":true,"handleSIGTERM":true,"handleSIGHUP":true,"timeout":30000,"devtools":false,"slowMo":0}</msg>
<status status="PASS" starttime="20210614 10:42:36.073" endtime="20210614 10:42:36.376"/>
</kw>
<kw name="New Page" library="Browser">
<arg>http://parodifood.qaninja.academy/</arg>
<tag>BrowserControl</tag>
<tag>Setter</tag>
<doc>Open a new Page. A Page is the Playwright equivalent to a tab.
See `Browser, Context and Page` for more information about Page concept.
Returns a stable identifier for the created page.</doc>
<msg timestamp="20210614 10:42:38.554" level="INFO">Successfully initialized new page object and opened url: http://parodifood.qaninja.academy/</msg>
<msg timestamp="20210614 10:42:38.554" level="INFO">No context was open. New context was automatically opened when this page is created.</msg>
<status status="PASS" starttime="20210614 10:42:36.376" endtime="20210614 10:42:38.554"/>
</kw>
<kw name="Set Viewport Size" library="Browser">
<arg>1920</arg>
<arg>1080</arg>
<tag>BrowserControl</tag>
<tag>Setter</tag>
<doc>Sets current Pages viewport size to specified dimensions.</doc>
<msg timestamp="20210614 10:42:38.568" level="INFO">Set viewport size to: [object Object]</msg>
<status status="PASS" starttime="20210614 10:42:38.555" endtime="20210614 10:42:38.568"/>
</kw>
<kw name="Get Text" library="Browser">
<arg>css=span</arg>
<arg>contains</arg>
<arg>Nunca foi tão engraçado pedir comida</arg>
<tag>Assertion</tag>
<tag>Getter</tag>
<tag>PageContent</tag>
<doc>Returns text attribute of the element found by ``selector``.
See the `Finding elements` section for details about the selectors.</doc>
<status status="PASS" starttime="20210614 10:42:38.568" endtime="20210614 10:42:38.719"/>
</kw>
<status status="PASS" starttime="20210614 10:42:36.073" endtime="20210614 10:42:38.719"/>
</kw>
<kw name="Create Dictionary" library="BuiltIn">
<var>&amp;{restaurant}</var>
<arg>restaurant=STARBUGS COFFEE</arg>
<arg>description=Nada melhor que um café pra te ajudar a resolver um bug.</arg>
<doc>Creates and returns a dictionary based on the given ``items``.</doc>
<msg timestamp="20210614 10:42:38.720" level="INFO">&amp;{restaurant} = { restaurant=STARBUGS COFFEE | description=Nada melhor que um café pra te ajudar a resolver um bug. }</msg>
<status status="PASS" starttime="20210614 10:42:38.720" endtime="20210614 10:42:38.720"/>
</kw>
<kw name="Go To Restaurants" library="search">
<kw name="Click" library="Browser">
<arg>text=Estou com fome!</arg>
<tag>PageContent</tag>
<tag>Setter</tag>
<doc>Simulates mouse click on the element found by ``selector``.</doc>
<status status="PASS" starttime="20210614 10:42:38.721" endtime="20210614 10:42:38.791"/>
</kw>
<kw name="Get Text" library="Browser">
<arg>h1 strong</arg>
<arg>contains</arg>
<arg>Ta na hora de matar a fome!</arg>
<tag>Assertion</tag>
<tag>Getter</tag>
<tag>PageContent</tag>
<doc>Returns text attribute of the element found by ``selector``.
See the `Finding elements` section for details about the selectors.</doc>
<status status="PASS" starttime="20210614 10:42:38.792" endtime="20210614 10:42:38.813"/>
</kw>
<status status="PASS" starttime="20210614 10:42:38.721" endtime="20210614 10:42:38.814"/>
</kw>
<kw name="Choose Restaurant" library="search">
<arg>${restaurant}</arg>
<kw name="Click" library="Browser">
<arg>text=${super_var["restaurant"]}</arg>
<tag>PageContent</tag>
<tag>Setter</tag>
<doc>Simulates mouse click on the element found by ``selector``.</doc>
<status status="PASS" starttime="20210614 10:42:38.814" endtime="20210614 10:42:39.752"/>
</kw>
<kw name="Wait For Elements State" library="Browser">
<arg>css=#detail</arg>
<arg>visible</arg>
<arg>${DEFAULT_TIMEOUT}</arg>
<tag>PageContent</tag>
<tag>Wait</tag>
<doc>Waits for the element found by ``selector`` to satisfy state option.</doc>
<msg timestamp="20210614 10:42:39.762" level="INFO">Wait for Element with selector: css=#detail</msg>
<status status="PASS" starttime="20210614 10:42:39.752" endtime="20210614 10:42:39.762"/>
</kw>
<kw name="Get Text" library="Browser">
<arg>css=#detail</arg>
<arg>contains</arg>
<arg>${super_var["desc"]}</arg>
<tag>Assertion</tag>
<tag>Getter</tag>
<tag>PageContent</tag>
<doc>Returns text attribute of the element found by ``selector``.
See the `Finding elements` section for details about the selectors.</doc>
<msg timestamp="20210614 10:42:39.764" level="FAIL">Resolving variable '${super_var["desc"]}' failed: KeyError: 'desc'</msg>
<status status="FAIL" starttime="20210614 10:42:39.763" endtime="20210614 10:42:39.764"/>
</kw>
<status status="FAIL" starttime="20210614 10:42:38.814" endtime="20210614 10:42:39.764"/>
</kw>
<kw name="Add To Cart" library="cart">
<arg>Starbugs 500 error</arg>
<status status="NOT RUN" starttime="20210614 10:42:39.764" endtime="20210614 10:42:39.764"/>
</kw>
<kw name="Should Add To cart" library="cart">
<arg>Starbugs 500 error</arg>
<status status="NOT RUN" starttime="20210614 10:42:39.765" endtime="20210614 10:42:39.765"/>
</kw>
<kw name="Total Should Be" library="cart">
<arg>15,60</arg>
<status status="NOT RUN" starttime="20210614 10:42:39.765" endtime="20210614 10:42:39.765"/>
</kw>
<kw name="Take Screenshot" library="Browser" type="TEARDOWN">
<tag>PageContent</tag>
<doc>Takes a screenshot of the current window and saves it.</doc>
<msg timestamp="20210614 10:42:39.930" level="INFO" html="true">&lt;/td&gt;&lt;/tr&gt;&lt;tr&gt;&lt;td colspan="3"&gt;&lt;a href="browser/screenshot/robotframework-browser-screenshot-4.png"&gt;&lt;img src="browser/screenshot/robotframework-browser-screenshot-4.png" width="800px"&gt;&lt;/a&gt;</msg>
<status status="PASS" starttime="20210614 10:42:39.765" endtime="20210614 10:42:39.930"/>
</kw>
<status status="FAIL" starttime="20210614 10:42:36.070" endtime="20210614 10:42:39.931">Resolving variable '${super_var["desc"]}' failed: KeyError: 'desc'</status>
</test>
<test id="s1-s2-t2" name="Deve adicionar 3 itens ao carrinho">
<kw name="Start Session" library="base" type="SETUP">
<kw name="New Browser" library="Browser">
<arg>${browser}</arg>
<arg>${headless}</arg>
<tag>BrowserControl</tag>
<tag>Setter</tag>
<doc>Create a new playwright Browser with specified options.
See `Browser, Context and Page` for more information about Browser and related concepts.</doc>
<msg timestamp="20210614 10:42:39.999" level="INFO">{"browser": "chromium", "headless": false, "handleSIGINT": true, "handleSIGTERM": true, "handleSIGHUP": true, "timeout": 30000.0, "devtools": false, "slowMo": 0.0}</msg>
<msg timestamp="20210614 10:42:40.331" level="INFO">Successfully created browser with options: {"browser":"chromium","headless":false,"handleSIGINT":true,"handleSIGTERM":true,"handleSIGHUP":true,"timeout":30000,"devtools":false,"slowMo":0}</msg>
<status status="PASS" starttime="20210614 10:42:39.999" endtime="20210614 10:42:40.331"/>
</kw>
<kw name="New Page" library="Browser">
<arg>http://parodifood.qaninja.academy/</arg>
<tag>BrowserControl</tag>
<tag>Setter</tag>
<doc>Open a new Page. A Page is the Playwright equivalent to a tab.
See `Browser, Context and Page` for more information about Page concept.
Returns a stable identifier for the created page.</doc>
<msg timestamp="20210614 10:42:42.556" level="INFO">Successfully initialized new page object and opened url: http://parodifood.qaninja.academy/</msg>
<msg timestamp="20210614 10:42:42.557" level="INFO">No context was open. New context was automatically opened when this page is created.</msg>
<status status="PASS" starttime="20210614 10:42:40.331" endtime="20210614 10:42:42.557"/>
</kw>
<kw name="Set Viewport Size" library="Browser">
<arg>1920</arg>
<arg>1080</arg>
<tag>BrowserControl</tag>
<tag>Setter</tag>
<doc>Sets current Pages viewport size to specified dimensions.</doc>
<msg timestamp="20210614 10:42:42.574" level="INFO">Set viewport size to: [object Object]</msg>
<status status="PASS" starttime="20210614 10:42:42.557" endtime="20210614 10:42:42.575"/>
</kw>
<kw name="Get Text" library="Browser">
<arg>css=span</arg>
<arg>contains</arg>
<arg>Nunca foi tão engraçado pedir comida</arg>
<tag>Assertion</tag>
<tag>Getter</tag>
<tag>PageContent</tag>
<doc>Returns text attribute of the element found by ``selector``.
See the `Finding elements` section for details about the selectors.</doc>
<status status="PASS" starttime="20210614 10:42:42.575" endtime="20210614 10:42:42.726"/>
</kw>
<status status="PASS" starttime="20210614 10:42:39.998" endtime="20210614 10:42:42.726"/>
</kw>
<kw name="Get JSON" library="base">
<var>${cart}</var>
<arg>cart.json</arg>
<kw name="Get File" library="OperatingSystem">
<var>${file}</var>
<arg>${EXECDIR}/resources/fixtures/${file_name}</arg>
<doc>Returns the contents of a specified file.</doc>
<msg timestamp="20210614 10:42:42.727" level="INFO" html="true">Getting file '&lt;a href="file://C:\VSCode\rw5\resources\fixtures\cart.json"&gt;C:\VSCode\rw5\resources\fixtures\cart.json&lt;/a&gt;'.</msg>
<msg timestamp="20210614 10:42:42.732" level="INFO">${file} = {
    "restaurant": "STARBUGS COFFEE",
    "desc": "Nada melhor que um café pra te ajudar a resolver um bug.",
    "products": [
        {
            "name": "Cappuccino com Chantilly"
        },
   ...</msg>
<status status="PASS" starttime="20210614 10:42:42.727" endtime="20210614 10:42:42.732"/>
</kw>
<kw name="Evaluate" library="BuiltIn">
<var>${super_var}</var>
<arg>json.loads($file)</arg>
<arg>json</arg>
<doc>Evaluates the given expression in Python and returns the result.</doc>
<msg timestamp="20210614 10:42:42.735" level="INFO">${super_var} = {'restaurant': 'STARBUGS COFFEE', 'desc': 'Nada melhor que um café pra te ajudar a resolver um bug.', 'products': [{'name': 'Cappuccino com Chantilly'}, {'name': 'Super Espreso'}, {'name': 'Starbugs 5...</msg>
<status status="PASS" starttime="20210614 10:42:42.732" endtime="20210614 10:42:42.735"/>
</kw>
<msg timestamp="20210614 10:42:42.735" level="INFO">${cart} = {'restaurant': 'STARBUGS COFFEE', 'desc': 'Nada melhor que um café pra te ajudar a resolver um bug.', 'products': [{'name': 'Cappuccino com Chantilly'}, {'name': 'Super Espreso'}, {'name': 'Starbugs 5...</msg>
<status status="PASS" starttime="20210614 10:42:42.727" endtime="20210614 10:42:42.735"/>
</kw>
<kw name="Go To Restaurants" library="search">
<kw name="Click" library="Browser">
<arg>text=Estou com fome!</arg>
<tag>PageContent</tag>
<tag>Setter</tag>
<doc>Simulates mouse click on the element found by ``selector``.</doc>
<status status="PASS" starttime="20210614 10:42:42.736" endtime="20210614 10:42:42.828"/>
</kw>
<kw name="Get Text" library="Browser">
<arg>h1 strong</arg>
<arg>contains</arg>
<arg>Ta na hora de matar a fome!</arg>
<tag>Assertion</tag>
<tag>Getter</tag>
<tag>PageContent</tag>
<doc>Returns text attribute of the element found by ``selector``.
See the `Finding elements` section for details about the selectors.</doc>
<status status="PASS" starttime="20210614 10:42:42.829" endtime="20210614 10:42:42.847"/>
</kw>
<status status="PASS" starttime="20210614 10:42:42.736" endtime="20210614 10:42:42.848"/>
</kw>
<kw name="Choose Restaurant" library="search">
<arg>${cart["restaurant"]}</arg>
<kw name="Click" library="Browser">
<arg>text=${super_var["restaurant"]}</arg>
<tag>PageContent</tag>
<tag>Setter</tag>
<doc>Simulates mouse click on the element found by ``selector``.</doc>
<msg timestamp="20210614 10:42:42.849" level="FAIL">Resolving variable '${super_var["restaurant"]}' failed: TypeError: string indices must be integers</msg>
<status status="FAIL" starttime="20210614 10:42:42.849" endtime="20210614 10:42:42.849"/>
</kw>
<kw name="Wait For Elements State" library="Browser">
<arg>css=#detail</arg>
<arg>visible</arg>
<arg>${DEFAULT_TIMEOUT}</arg>
<tag>PageContent</tag>
<tag>Wait</tag>
<doc>Waits for the element found by ``selector`` to satisfy state option.</doc>
<status status="NOT RUN" starttime="20210614 10:42:42.849" endtime="20210614 10:42:42.849"/>
</kw>
<kw name="Get Text" library="Browser">
<arg>css=#detail</arg>
<arg>contains</arg>
<arg>${super_var["desc"]}</arg>
<tag>Assertion</tag>
<tag>Getter</tag>
<tag>PageContent</tag>
<doc>Returns text attribute of the element found by ``selector``.
See the `Finding elements` section for details about the selectors.</doc>
<status status="NOT RUN" starttime="20210614 10:42:42.849" endtime="20210614 10:42:42.849"/>
</kw>
<status status="FAIL" starttime="20210614 10:42:42.848" endtime="20210614 10:42:42.850"/>
</kw>
<for flavor="IN">
<var>${product}</var>
<value>@{cart["products"]}</value>
<iter>
<var name="${product}">${product}</var>
<kw name="Add To Cart" library="cart">
<arg>${product["name"]}</arg>
<status status="NOT RUN" starttime="20210614 10:42:42.850" endtime="20210614 10:42:42.850"/>
</kw>
<kw name="Should Add To cart" library="cart">
<arg>${product["name"]}</arg>
<status status="NOT RUN" starttime="20210614 10:42:42.850" endtime="20210614 10:42:42.850"/>
</kw>
<status status="NOT RUN" starttime="20210614 10:42:42.850" endtime="20210614 10:42:42.850"/>
</iter>
<status status="NOT RUN" starttime="20210614 10:42:42.850" endtime="20210614 10:42:42.850"/>
</for>
<kw name="Total Cart Be">
<arg>${cart["total"]}</arg>
<status status="NOT RUN" starttime="20210614 10:42:42.853" endtime="20210614 10:42:42.853"/>
</kw>
<kw name="Take Screenshot" library="Browser" type="TEARDOWN">
<tag>PageContent</tag>
<doc>Takes a screenshot of the current window and saves it.</doc>
<msg timestamp="20210614 10:42:43.030" level="INFO" html="true">&lt;/td&gt;&lt;/tr&gt;&lt;tr&gt;&lt;td colspan="3"&gt;&lt;a href="browser/screenshot/robotframework-browser-screenshot-5.png"&gt;&lt;img src="browser/screenshot/robotframework-browser-screenshot-5.png" width="800px"&gt;&lt;/a&gt;</msg>
<status status="PASS" starttime="20210614 10:42:42.853" endtime="20210614 10:42:43.030"/>
</kw>
<status status="FAIL" starttime="20210614 10:42:39.995" endtime="20210614 10:42:43.031">Resolving variable '${super_var["restaurant"]}' failed: TypeError: string indices must be integers</status>
</test>
<status status="FAIL" starttime="20210614 10:42:36.064" endtime="20210614 10:42:43.090"/>
</suite>
<suite id="s1-s3" name="Pedido" source="C:\VSCode\rw5\tests\pedido.robot">
<test id="s1-s3-t1" name="Efetuar um novo Pedido">
<kw name="Start Session" library="base" type="SETUP">
<kw name="New Browser" library="Browser">
<arg>${browser}</arg>
<arg>${headless}</arg>
<tag>BrowserControl</tag>
<tag>Setter</tag>
<doc>Create a new playwright Browser with specified options.
See `Browser, Context and Page` for more information about Browser and related concepts.</doc>
<msg timestamp="20210614 10:42:43.106" level="INFO">{"browser": "chromium", "headless": false, "handleSIGINT": true, "handleSIGTERM": true, "handleSIGHUP": true, "timeout": 30000.0, "devtools": false, "slowMo": 0.0}</msg>
<msg timestamp="20210614 10:42:43.400" level="INFO">Successfully created browser with options: {"browser":"chromium","headless":false,"handleSIGINT":true,"handleSIGTERM":true,"handleSIGHUP":true,"timeout":30000,"devtools":false,"slowMo":0}</msg>
<status status="PASS" starttime="20210614 10:42:43.106" endtime="20210614 10:42:43.400"/>
</kw>
<kw name="New Page" library="Browser">
<arg>http://parodifood.qaninja.academy/</arg>
<tag>BrowserControl</tag>
<tag>Setter</tag>
<doc>Open a new Page. A Page is the Playwright equivalent to a tab.
See `Browser, Context and Page` for more information about Page concept.
Returns a stable identifier for the created page.</doc>
<msg timestamp="20210614 10:42:45.608" level="INFO">Successfully initialized new page object and opened url: http://parodifood.qaninja.academy/</msg>
<msg timestamp="20210614 10:42:45.608" level="INFO">No context was open. New context was automatically opened when this page is created.</msg>
<status status="PASS" starttime="20210614 10:42:43.401" endtime="20210614 10:42:45.608"/>
</kw>
<kw name="Set Viewport Size" library="Browser">
<arg>1920</arg>
<arg>1080</arg>
<tag>BrowserControl</tag>
<tag>Setter</tag>
<doc>Sets current Pages viewport size to specified dimensions.</doc>
<msg timestamp="20210614 10:42:45.620" level="INFO">Set viewport size to: [object Object]</msg>
<status status="PASS" starttime="20210614 10:42:45.608" endtime="20210614 10:42:45.621"/>
</kw>
<kw name="Get Text" library="Browser">
<arg>css=span</arg>
<arg>contains</arg>
<arg>Nunca foi tão engraçado pedir comida</arg>
<tag>Assertion</tag>
<tag>Getter</tag>
<tag>PageContent</tag>
<doc>Returns text attribute of the element found by ``selector``.
See the `Finding elements` section for details about the selectors.</doc>
<status status="PASS" starttime="20210614 10:42:45.621" endtime="20210614 10:42:45.676"/>
</kw>
<status status="PASS" starttime="20210614 10:42:43.105" endtime="20210614 10:42:45.677"/>
</kw>
<kw name="Get JSON" library="base">
<var>${order}</var>
<arg>order.json</arg>
<kw name="Get File" library="OperatingSystem">
<var>${file}</var>
<arg>${EXECDIR}/resources/fixtures/${file_name}</arg>
<doc>Returns the contents of a specified file.</doc>
<msg timestamp="20210614 10:42:45.678" level="INFO" html="true">Getting file '&lt;a href="file://C:\VSCode\rw5\resources\fixtures\order.json"&gt;C:\VSCode\rw5\resources\fixtures\order.json&lt;/a&gt;'.</msg>
<msg timestamp="20210614 10:42:45.685" level="INFO">${file} = {
    "restaurant": "DEBUGER KING",
    "desc": "40 anos se especializando em trash food.",
    "products": [
        {
            "name": "Woopper Burger"
        },
        {
            "name": "B...</msg>
<status status="PASS" starttime="20210614 10:42:45.678" endtime="20210614 10:42:45.685"/>
</kw>
<kw name="Evaluate" library="BuiltIn">
<var>${super_var}</var>
<arg>json.loads($file)</arg>
<arg>json</arg>
<doc>Evaluates the given expression in Python and returns the result.</doc>
<msg timestamp="20210614 10:42:45.686" level="INFO">${super_var} = {'restaurant': 'DEBUGER KING', 'desc': '40 anos se especializando em trash food.', 'products': [{'name': 'Woopper Burger'}, {'name': 'Batatas Fritas'}, {'name': 'Refrigerante'}], 'total': '28,50', 'cu...</msg>
<status status="PASS" starttime="20210614 10:42:45.685" endtime="20210614 10:42:45.686"/>
</kw>
<msg timestamp="20210614 10:42:45.686" level="INFO">${order} = {'restaurant': 'DEBUGER KING', 'desc': '40 anos se especializando em trash food.', 'products': [{'name': 'Woopper Burger'}, {'name': 'Batatas Fritas'}, {'name': 'Refrigerante'}], 'total': '28,50', 'cu...</msg>
<status status="PASS" starttime="20210614 10:42:45.677" endtime="20210614 10:42:45.686"/>
</kw>
<kw name="Go To Restaurants" library="search">
<kw name="Click" library="Browser">
<arg>text=Estou com fome!</arg>
<tag>PageContent</tag>
<tag>Setter</tag>
<doc>Simulates mouse click on the element found by ``selector``.</doc>
<status status="PASS" starttime="20210614 10:42:45.687" endtime="20210614 10:42:45.759"/>
</kw>
<kw name="Get Text" library="Browser">
<arg>h1 strong</arg>
<arg>contains</arg>
<arg>Ta na hora de matar a fome!</arg>
<tag>Assertion</tag>
<tag>Getter</tag>
<tag>PageContent</tag>
<doc>Returns text attribute of the element found by ``selector``.
See the `Finding elements` section for details about the selectors.</doc>
<status status="PASS" starttime="20210614 10:42:45.759" endtime="20210614 10:42:45.782"/>
</kw>
<status status="PASS" starttime="20210614 10:42:45.686" endtime="20210614 10:42:45.782"/>
</kw>
<kw name="Choose Restaurant" library="search">
<arg>${order}</arg>
<kw name="Click" library="Browser">
<arg>text=${super_var["restaurant"]}</arg>
<tag>PageContent</tag>
<tag>Setter</tag>
<doc>Simulates mouse click on the element found by ``selector``.</doc>
<status status="PASS" starttime="20210614 10:42:45.783" endtime="20210614 10:42:46.825"/>
</kw>
<kw name="Wait For Elements State" library="Browser">
<arg>css=#detail</arg>
<arg>visible</arg>
<arg>${DEFAULT_TIMEOUT}</arg>
<tag>PageContent</tag>
<tag>Wait</tag>
<doc>Waits for the element found by ``selector`` to satisfy state option.</doc>
<msg timestamp="20210614 10:42:46.834" level="INFO">Wait for Element with selector: css=#detail</msg>
<status status="PASS" starttime="20210614 10:42:46.825" endtime="20210614 10:42:46.834"/>
</kw>
<kw name="Get Text" library="Browser">
<arg>css=#detail</arg>
<arg>contains</arg>
<arg>${super_var["desc"]}</arg>
<tag>Assertion</tag>
<tag>Getter</tag>
<tag>PageContent</tag>
<doc>Returns text attribute of the element found by ``selector``.
See the `Finding elements` section for details about the selectors.</doc>
<status status="PASS" starttime="20210614 10:42:46.834" endtime="20210614 10:42:46.976"/>
</kw>
<status status="PASS" starttime="20210614 10:42:45.783" endtime="20210614 10:42:46.976"/>
</kw>
<for flavor="IN">
<var>${product}</var>
<value>@{order["products"]}</value>
<iter>
<var name="${product}">{'name': 'Woopper Burger'}</var>
<kw name="Add To Cart" library="cart">
<arg>${product["name"]}</arg>
<kw name="Click" library="Browser">
<arg>xpath=//span[text()="${name}"]/..//a[@class="add-to-cart"]</arg>
<tag>PageContent</tag>
<tag>Setter</tag>
<doc>Simulates mouse click on the element found by ``selector``.</doc>
<status status="PASS" starttime="20210614 10:42:46.978" endtime="20210614 10:42:47.508"/>
</kw>
<status status="PASS" starttime="20210614 10:42:46.977" endtime="20210614 10:42:47.508"/>
</kw>
<kw name="Should Add To cart" library="cart">
<arg>${product["name"]}</arg>
<kw name="Wait For Elements State" library="Browser">
<arg>css=#cart tr &gt;&gt; text=${name}</arg>
<arg>visible</arg>
<arg>${DEFAULT_TIMEOUT}</arg>
<tag>PageContent</tag>
<tag>Wait</tag>
<doc>Waits for the element found by ``selector`` to satisfy state option.</doc>
<msg timestamp="20210614 10:42:47.517" level="INFO">Wait for Element with selector: css=#cart tr &gt;&gt; text=Woopper Burger</msg>
<status status="PASS" starttime="20210614 10:42:47.509" endtime="20210614 10:42:47.517"/>
</kw>
<status status="PASS" starttime="20210614 10:42:47.508" endtime="20210614 10:42:47.517"/>
</kw>
<status status="PASS" starttime="20210614 10:42:46.977" endtime="20210614 10:42:47.517"/>
</iter>
<iter>
<var name="${product}">{'name': 'Batatas Fritas'}</var>
<kw name="Add To Cart" library="cart">
<arg>${product["name"]}</arg>
<kw name="Click" library="Browser">
<arg>xpath=//span[text()="${name}"]/..//a[@class="add-to-cart"]</arg>
<tag>PageContent</tag>
<tag>Setter</tag>
<doc>Simulates mouse click on the element found by ``selector``.</doc>
<status status="PASS" starttime="20210614 10:42:47.518" endtime="20210614 10:42:47.569"/>
</kw>
<status status="PASS" starttime="20210614 10:42:47.518" endtime="20210614 10:42:47.570"/>
</kw>
<kw name="Should Add To cart" library="cart">
<arg>${product["name"]}</arg>
<kw name="Wait For Elements State" library="Browser">
<arg>css=#cart tr &gt;&gt; text=${name}</arg>
<arg>visible</arg>
<arg>${DEFAULT_TIMEOUT}</arg>
<tag>PageContent</tag>
<tag>Wait</tag>
<doc>Waits for the element found by ``selector`` to satisfy state option.</doc>
<msg timestamp="20210614 10:42:47.581" level="INFO">Wait for Element with selector: css=#cart tr &gt;&gt; text=Batatas Fritas</msg>
<status status="PASS" starttime="20210614 10:42:47.570" endtime="20210614 10:42:47.581"/>
</kw>
<status status="PASS" starttime="20210614 10:42:47.570" endtime="20210614 10:42:47.581"/>
</kw>
<status status="PASS" starttime="20210614 10:42:47.518" endtime="20210614 10:42:47.581"/>
</iter>
<iter>
<var name="${product}">{'name': 'Refrigerante'}</var>
<kw name="Add To Cart" library="cart">
<arg>${product["name"]}</arg>
<kw name="Click" library="Browser">
<arg>xpath=//span[text()="${name}"]/..//a[@class="add-to-cart"]</arg>
<tag>PageContent</tag>
<tag>Setter</tag>
<doc>Simulates mouse click on the element found by ``selector``.</doc>
<status status="PASS" starttime="20210614 10:42:47.582" endtime="20210614 10:42:47.636"/>
</kw>
<status status="PASS" starttime="20210614 10:42:47.581" endtime="20210614 10:42:47.636"/>
</kw>
<kw name="Should Add To cart" library="cart">
<arg>${product["name"]}</arg>
<kw name="Wait For Elements State" library="Browser">
<arg>css=#cart tr &gt;&gt; text=${name}</arg>
<arg>visible</arg>
<arg>${DEFAULT_TIMEOUT}</arg>
<tag>PageContent</tag>
<tag>Wait</tag>
<doc>Waits for the element found by ``selector`` to satisfy state option.</doc>
<msg timestamp="20210614 10:42:47.648" level="INFO">Wait for Element with selector: css=#cart tr &gt;&gt; text=Refrigerante</msg>
<status status="PASS" starttime="20210614 10:42:47.637" endtime="20210614 10:42:47.648"/>
</kw>
<status status="PASS" starttime="20210614 10:42:47.636" endtime="20210614 10:42:47.648"/>
</kw>
<status status="PASS" starttime="20210614 10:42:47.581" endtime="20210614 10:42:47.648"/>
</iter>
<status status="PASS" starttime="20210614 10:42:46.977" endtime="20210614 10:42:47.648"/>
</for>
<kw name="Go To Checkout" library="order">
<kw name="Click" library="Browser">
<arg>text=Fechar Pedido</arg>
<tag>PageContent</tag>
<tag>Setter</tag>
<doc>Simulates mouse click on the element found by ``selector``.</doc>
<status status="PASS" starttime="20210614 10:42:47.649" endtime="20210614 10:42:47.729"/>
</kw>
<kw name="Set Variable" library="BuiltIn">
<var>${element}</var>
<arg>css=.page-header</arg>
<doc>Returns the given values which can then be assigned to a variables.</doc>
<msg timestamp="20210614 10:42:47.730" level="INFO">${element} = css=.page-header</msg>
<status status="PASS" starttime="20210614 10:42:47.730" endtime="20210614 10:42:47.730"/>
</kw>
<kw name="Wait For Elements State" library="Browser">
<arg>${element}</arg>
<arg>visible</arg>
<arg>${DEFAULT_TIMEOUT}</arg>
<tag>PageContent</tag>
<tag>Wait</tag>
<doc>Waits for the element found by ``selector`` to satisfy state option.</doc>
<msg timestamp="20210614 10:42:47.742" level="INFO">Wait for Element with selector: css=.page-header</msg>
<status status="PASS" starttime="20210614 10:42:47.730" endtime="20210614 10:42:47.742"/>
</kw>
<kw name="Get Text" library="Browser">
<arg>${element}</arg>
<arg>contains</arg>
<arg>Finalize o seu pedido</arg>
<tag>Assertion</tag>
<tag>Getter</tag>
<tag>PageContent</tag>
<doc>Returns text attribute of the element found by ``selector``.
See the `Finding elements` section for details about the selectors.</doc>
<status status="PASS" starttime="20210614 10:42:47.743" endtime="20210614 10:42:47.759"/>
</kw>
<status status="PASS" starttime="20210614 10:42:47.649" endtime="20210614 10:42:47.759"/>
</kw>
<kw name="Fill Customer Data" library="order">
<arg>${order["customer"]}</arg>
<kw name="Fill Text" library="Browser">
<arg>css=input[placeholder="Nome"]</arg>
<arg>${customer["name"]}</arg>
<tag>PageContent</tag>
<tag>Setter</tag>
<doc>Clears and fills the given ``text`` into the text field found by ``selector``.</doc>
<msg timestamp="20210614 10:42:47.761" level="INFO">Fills the text 'Leandro Viola' in the given field.</msg>
<status status="PASS" starttime="20210614 10:42:47.760" endtime="20210614 10:42:47.780"/>
</kw>
<kw name="Fill Text" library="Browser">
<arg>css=input[placeholder="E-mail"]</arg>
<arg>${customer["email"]}</arg>
<tag>PageContent</tag>
<tag>Setter</tag>
<doc>Clears and fills the given ``text`` into the text field found by ``selector``.</doc>
<msg timestamp="20210614 10:42:47.781" level="INFO">Fills the text 'viola.l@uol.com.br' in the given field.</msg>
<status status="PASS" starttime="20210614 10:42:47.781" endtime="20210614 10:42:47.803"/>
</kw>
<kw name="Fill Text" library="Browser">
<arg>css=input[formcontrolname="emailConfirmation"]</arg>
<arg>${customer["email"]}</arg>
<tag>PageContent</tag>
<tag>Setter</tag>
<doc>Clears and fills the given ``text`` into the text field found by ``selector``.</doc>
<msg timestamp="20210614 10:42:47.804" level="INFO">Fills the text 'viola.l@uol.com.br' in the given field.</msg>
<status status="PASS" starttime="20210614 10:42:47.804" endtime="20210614 10:42:47.831"/>
</kw>
<kw name="Fill Text" library="Browser">
<arg>css=input[placeholder="Endereço"]</arg>
<arg>${customer["address"]}</arg>
<tag>PageContent</tag>
<tag>Setter</tag>
<doc>Clears and fills the given ``text`` into the text field found by ``selector``.</doc>
<msg timestamp="20210614 10:42:47.832" level="INFO">Fills the text 'Rua dos Bugres' in the given field.</msg>
<status status="PASS" starttime="20210614 10:42:47.831" endtime="20210614 10:42:47.851"/>
</kw>
<kw name="Fill Text" library="Browser">
<arg>css=input[placeholder="Número"]</arg>
<arg>${customer["number"]}</arg>
<tag>PageContent</tag>
<tag>Setter</tag>
<doc>Clears and fills the given ``text`` into the text field found by ``selector``.</doc>
<msg timestamp="20210614 10:42:47.851" level="INFO">Fills the text '999' in the given field.</msg>
<status status="PASS" starttime="20210614 10:42:47.851" endtime="20210614 10:42:47.870"/>
</kw>
<status status="PASS" starttime="20210614 10:42:47.760" endtime="20210614 10:42:47.870"/>
</kw>
<kw name="Select Payment Option" library="order">
<arg>${order["payment"]}</arg>
<if>
<branch type="IF" condition="&quot;${payment}&quot; == &quot;Dinheiro&quot;">
<kw name="Click" library="Browser">
<arg>xpath=(//mt-radio//label)[1]//div</arg>
<tag>PageContent</tag>
<tag>Setter</tag>
<doc>Simulates mouse click on the element found by ``selector``.</doc>
<status status="PASS" starttime="20210614 10:42:47.872" endtime="20210614 10:42:47.920"/>
</kw>
<status status="PASS" starttime="20210614 10:42:47.872" endtime="20210614 10:42:47.920"/>
</branch>
<branch type="ELSE IF" condition="&quot;${payment}&quot; == &quot;Cartão de Débito&quot;">
<kw name="Click" library="Browser">
<arg>xpath=(//mt-radio//label)[2]//div</arg>
<tag>PageContent</tag>
<tag>Setter</tag>
<doc>Simulates mouse click on the element found by ``selector``.</doc>
<status status="NOT RUN" starttime="20210614 10:42:47.920" endtime="20210614 10:42:47.920"/>
</kw>
<status status="NOT RUN" starttime="20210614 10:42:47.920" endtime="20210614 10:42:47.920"/>
</branch>
<branch type="ELSE IF" condition="&quot;${payment}&quot; == &quot;Cartão de Débito&quot;">
<kw name="Click" library="Browser">
<arg>xpath=(//mt-radio//label)[32]//div</arg>
<tag>PageContent</tag>
<tag>Setter</tag>
<doc>Simulates mouse click on the element found by ``selector``.</doc>
<status status="NOT RUN" starttime="20210614 10:42:47.920" endtime="20210614 10:42:47.920"/>
</kw>
<status status="NOT RUN" starttime="20210614 10:42:47.920" endtime="20210614 10:42:47.920"/>
</branch>
<branch type="ELSE">
<kw name="Fail" library="BuiltIn">
<arg>Invalid Payment Type</arg>
<doc>Fails the test with the given message and optionally alters its tags.</doc>
<status status="NOT RUN" starttime="20210614 10:42:47.920" endtime="20210614 10:42:47.920"/>
</kw>
<status status="NOT RUN" starttime="20210614 10:42:47.920" endtime="20210614 10:42:47.921"/>
</branch>
<status status="PASS" starttime="20210614 10:42:47.872" endtime="20210614 10:42:47.921"/>
</if>
<status status="PASS" starttime="20210614 10:42:47.871" endtime="20210614 10:42:47.921"/>
</kw>
<kw name="Place Order" library="order">
<kw name="Click" library="Browser">
<arg>text=Concluir Pedido</arg>
<tag>PageContent</tag>
<tag>Setter</tag>
<doc>Simulates mouse click on the element found by ``selector``.</doc>
<status status="PASS" starttime="20210614 10:42:47.923" endtime="20210614 10:42:47.971"/>
</kw>
<status status="PASS" starttime="20210614 10:42:47.922" endtime="20210614 10:42:47.971"/>
</kw>
<kw name="Order Success" library="order">
<kw name="Wait For Elements State" library="Browser">
<arg>css=h2 &gt;&gt; text=Pedido Conluído</arg>
<arg>visible</arg>
<arg>${DEFAULT_TIMEOUT}</arg>
<tag>PageContent</tag>
<tag>Wait</tag>
<doc>Waits for the element found by ``selector`` to satisfy state option.</doc>
<msg timestamp="20210614 10:42:49.059" level="INFO">Wait for Element with selector: css=h2 &gt;&gt; text=Pedido Conluído</msg>
<status status="PASS" starttime="20210614 10:42:47.974" endtime="20210614 10:42:49.059"/>
</kw>
<status status="PASS" starttime="20210614 10:42:47.973" endtime="20210614 10:42:49.060"/>
</kw>
<kw name="Take Screenshot" library="Browser" type="TEARDOWN">
<tag>PageContent</tag>
<doc>Takes a screenshot of the current window and saves it.</doc>
<msg timestamp="20210614 10:42:49.254" level="INFO" html="true">&lt;/td&gt;&lt;/tr&gt;&lt;tr&gt;&lt;td colspan="3"&gt;&lt;a href="browser/screenshot/robotframework-browser-screenshot-6.png"&gt;&lt;img src="browser/screenshot/robotframework-browser-screenshot-6.png" width="800px"&gt;&lt;/a&gt;</msg>
<status status="PASS" starttime="20210614 10:42:49.061" endtime="20210614 10:42:49.255"/>
</kw>
<status status="PASS" starttime="20210614 10:42:43.103" endtime="20210614 10:42:49.255"/>
</test>
<status status="PASS" starttime="20210614 10:42:43.097" endtime="20210614 10:42:49.314"/>
</suite>
<status status="FAIL" starttime="20210614 10:42:20.273" endtime="20210614 10:42:49.318"/>
</suite>
<statistics>
<total>
<stat pass="4" fail="2" skip="0">All Tests</stat>
</total>
<tag>
</tag>
<suite>
<stat pass="4" fail="2" skip="0" id="s1" name="Tests">Tests</stat>
<stat pass="3" fail="0" skip="0" id="s1-s1" name="Busca">Tests.Busca</stat>
<stat pass="0" fail="2" skip="0" id="s1-s2" name="Carrinho">Tests.Carrinho</stat>
<stat pass="1" fail="0" skip="0" id="s1-s3" name="Pedido">Tests.Pedido</stat>
</suite>
</statistics>
<errors>
</errors>
</robot>
